<?xml version="1.0" encoding="UTF-8" ?>
<testsuite tests="29" failures="0" name="main.SuiteTest" time="4.102" errors="0" skipped="0">
  <properties>
[...]
</properties>
  <testcase classname="domain.dao.JpaUtilUnitTest" name="must_pass_when_get_a_entity_manager" time="0.174"/>
  <testcase classname="domain.dao.UserDaoImplSuccessUnitTest" name="a_must_pass_when_save_a_user" time="0.291"/>
  <testcase classname="domain.dao.UserDaoImplSuccessUnitTest" name="b_must_return_true_when_find_all_users" time="0.152"/>
  <testcase classname="domain.dao.UserDaoImplSuccessUnitTest" name="c_must_pass_when_find_a_user_by_id" time="0.22"/>
  <testcase classname="domain.dao.UserDaoImplSuccessUnitTest" name="d_must_pass_when_find_a_user_by_name" time="0.132"/>
  <testcase classname="domain.dao.UserDaoImplSuccessUnitTest" name="e_must_pass_when_find_a_user_by_email" time="0.134"/>
  <testcase classname="domain.dao.UserDaoImplSuccessUnitTest" name="f_must_pass_when_find_a_user_by_email_and_password" time="0.121"/>
  <testcase classname="domain.dao.UserDaoImplSuccessUnitTest" name="g_must_return_true_when_remove_a_user" time="0.306"/>
  <testcase classname="domain.dao.UserDaoImplFlawsUnitTest" name="a_must_return_null_when_save_a_user_null" time="0.187"/>
  <testcase classname="domain.dao.UserDaoImplFlawsUnitTest" name="b_must_return_null_when_save_a_user_with_fields_null" time="0.097"/>
  <testcase classname="domain.dao.UserDaoImplFlawsUnitTest" name="c_must_return_null_when_find_a_user_with_id_nonexistent" time="0.104"/>
  <testcase classname="domain.dao.UserDaoImplFlawsUnitTest" name="d_must_fail_when_find_a_user_with_name_nonexistent" time="0.106"/>
  <testcase classname="domain.dao.UserDaoImplFlawsUnitTest" name="e_must_fail_when_find_a_user_with_email_nonexistent" time="0.099"/>
  <testcase classname="domain.dao.UserDaoImplFlawsUnitTest" name="f_must_fail_when_find_a_user_with_email_and_or_password_nonexistent" time="0.145"/>
  <testcase classname="domain.dao.UserDaoImplFlawsUnitTest" name="g_must_return_null_when_remove_a_user_with_id_nonexistent" time="0.118"/>
  <testcase classname="domain.service.UserServiceSuccessUnitTest" name="a_must_return_a_user_when_save" time="0.212"/>
  <testcase classname="domain.service.UserServiceSuccessUnitTest" name="b_must_return_a_user_when_find_user_by_id" time="0.221"/>
  <testcase classname="domain.service.UserServiceSuccessUnitTest" name="c_must_return_a_list_od_user_when_find_all" time="0.115"/>
  <testcase classname="domain.service.UserServiceSuccessUnitTest" name="d_must_return_a_user_when_find_user_by_name" time="0.096"/>
  <testcase classname="domain.service.UserServiceSuccessUnitTest" name="e_must_return_a_user_when_find_user_by_email" time="0.065"/>
  <testcase classname="domain.service.UserServiceSuccessUnitTest" name="f_must_return_true_when_email_and_password_is_correct" time="0.055"/>
  <testcase classname="domain.service.UserServiceSuccessUnitTest" name="g_must_return_true_when_delete_a_user" time="0.223"/>
  <testcase classname="domain.service.UserServiceFlawsUnitTest" name="a_must_fail_when_save_a_user_null" time="0.081"/>
  <testcase classname="domain.service.UserServiceFlawsUnitTest" name="b_must_fail_when_save_a_user_with_one_or_more_fields_null" time="0.048"/>
  <testcase classname="domain.service.UserServiceFlawsUnitTest" name="c_must_fail_when_find_a_user_noexistent" time="0.074"/>
  <testcase classname="domain.service.UserServiceFlawsUnitTest" name="d_must_fail_when_find_a_user_with_name_nonexistent" time="0.065"/>
  <testcase classname="domain.service.UserServiceFlawsUnitTest" name="e_must_fail_when_find_a_user_with_email_nonexistent" time="0.151"/>
  <testcase classname="domain.service.UserServiceFlawsUnitTest" name="f_must_return_false_when_find_a_user_with_email_and_or_password_nonexistent" time="0.192"/>
  <testcase classname="domain.service.UserServiceFlawsUnitTest" name="g_must_fail_when_remove_a_user_with_id_nonexistent" time="0.118"/>
</testsuite>