<?xml version="1.0" encoding="UTF-8"?>
<testsuite xmlns:xsi="http://www.w3.org/2001/XMLSchema-instance" xsi:noNamespaceSchemaLocation="https://maven.apache.org/surefire/maven-surefire-plugin/xsd/surefire-test-report.xsd" name="domain.dao.UserDaoImplFlawsUnitTest" time="1.397" tests="7" errors="0" skipped="0" failures="0">
  <properties>
[...]
</properties>
  <testcase name="a_must_return_null_when_save_a_user_null" classname="domain.dao.UserDaoImplFlawsUnitTest" time="0.098"/>
  <testcase name="b_must_return_null_when_save_a_user_with_fields_null" classname="domain.dao.UserDaoImplFlawsUnitTest" time="0.11"/>
  <testcase name="c_must_return_null_when_find_a_user_with_id_nonexistent" classname="domain.dao.UserDaoImplFlawsUnitTest" time="0.168"/>
  <testcase name="d_must_fail_when_find_a_user_with_name_nonexistent" classname="domain.dao.UserDaoImplFlawsUnitTest" time="0.379"/>
  <testcase name="e_must_fail_when_find_a_user_with_email_nonexistent" classname="domain.dao.UserDaoImplFlawsUnitTest" time="0.214"/>
  <testcase name="f_must_fail_when_find_a_user_with_email_and_or_password_nonexistent" classname="domain.dao.UserDaoImplFlawsUnitTest" time="0.207"/>
  <testcase name="g_must_return_null_when_remove_a_user_with_id_nonexistent" classname="domain.dao.UserDaoImplFlawsUnitTest" time="0.221"/>
</testsuite>